<?xml version="1.0" encoding="UTF-8"?>
<testng-results skipped="0" failed="0" total="1" passed="1">
  <reporter-output>
  </reporter-output>
  <suite name="Default suite" duration-ms="1187" started-at="2019-08-06T03:13:09Z" finished-at="2019-08-06T03:13:10Z">
    <groups>
    </groups>
    <test name="Default test" duration-ms="1187" started-at="2019-08-06T03:13:09Z" finished-at="2019-08-06T03:13:10Z">
      <class name="com.Write.Read.ExcelSheetOp.Write_Read_ExceSheet_Operation">
        <test-method status="PASS" signature="ExcelWriteRead()[pri:0, instance:com.Write.Read.ExcelSheetOp.Write_Read_ExceSheet_Operation@6ad5c04e]" name="ExcelWriteRead" duration-ms="1155" started-at="2019-08-06T08:43:09Z" finished-at="2019-08-06T08:43:10Z">
          <reporter-output>
          </reporter-output>
        </test-method> <!-- ExcelWriteRead -->
      </class> <!-- com.Write.Read.ExcelSheetOp.Write_Read_ExceSheet_Operation -->
    </test> <!-- Default test -->
  </suite> <!-- Default suite -->
</testng-results>
